<?xml version="1.0" encoding="UTF-8"?>
<testsuite xmlns:xsi="http://www.w3.org/2001/XMLSchema-instance" xsi:noNamespaceSchemaLocation="https://maven.apache.org/surefire/maven-surefire-plugin/xsd/surefire-test-report-3.0.xsd" version="3.0" name="com.storeops.activities.ActivityControllerTest" time="6.737" tests="6" errors="0" skipped="0" failures="0">
  <properties>
[...]
</properties>
  <testcase name="getActivity_returns200" classname="com.storeops.activities.ActivityControllerTest" time="0.392">
    <system-out><![CDATA[15:54:29.418 [main] INFO org.springframework.test.context.support.AnnotationConfigContextLoaderUtils -- Could not detect default configuration classes for test class [com.storeops.activities.ActivityControllerTest]: ActivityControllerTest does not declare any static, non-private, non-final, nested classes annotated with @Configuration.
15:54:29.693 [main] INFO org.springframework.boot.test.context.SpringBootTestContextBootstrapper -- Found @SpringBootConfiguration com.storeops.StoreOpsApplication for test class com.storeops.activities.ActivityControllerTest

  .   ____          _            __ _ _
 /\\ / ___'_ __ _ _(_)_ __  __ _ \ \ \ \
( ( )\___ | '_ | '_| | '_ \/ _` | \ \ \ \
 \\/  ___)| |_)| | | | | || (_| |  ) ) ) )
  '  |____| .__|_| |_|_| |_\__, | / / / /
 =========|_|==============|___/=/_/_/_/

 :: Spring Boot ::                (v3.3.4)

2026-09-07T15:54:30.513+05:30  INFO 19628 --- [           main] c.s.activities.ActivityControllerTest    : Starting ActivityControllerTest using Java 21.0.2 with PID 19628 (started by savenka in C:\Users\savenka\Downloads\storeops-harness-java)
2026-09-07T15:54:30.513+05:30  INFO 19628 --- [           main] c.s.activities.ActivityControllerTest    : No active profile set, falling back to 1 default profile: "default"
2026-09-07T15:54:35.092+05:30  INFO 19628 --- [           main] o.s.b.t.m.w.SpringBootMockServletContext : Initializing Spring TestDispatcherServlet ''
2026-09-07T15:54:35.092+05:30  INFO 19628 --- [           main] o.s.t.web.servlet.TestDispatcherServlet  : Initializing Servlet ''
2026-09-07T15:54:35.102+05:30  INFO 19628 --- [           main] o.s.t.web.servlet.TestDispatcherServlet  : Completed initialization in 5 ms
2026-09-07T15:54:35.152+05:30  INFO 19628 --- [           main] c.s.activities.ActivityControllerTest    : Started ActivityControllerTest in 5.328 seconds (process running for 7.081)
]]></system-out>
    <system-err><![CDATA[WARNING: A Java agent has been loaded dynamically (C:\Users\savenka\.m2\repository\net\bytebuddy\byte-buddy-agent\1.14.19\byte-buddy-agent-1.14.19.jar)
WARNING: If a serviceability tool is in use, please run with -XX:+EnableDynamicAgentLoading to hide this warning
WARNING: If a serviceability tool is not in use, please run with -Djdk.instrument.traceUsage for more information
WARNING: Dynamic loading of agents will be disallowed by default in a future release
]]></system-err>
  </testcase>
  <testcase name="deleteActivity_notFound_returns404" classname="com.storeops.activities.ActivityControllerTest" time="0.035"/>
  <testcase name="deleteActivity_returns204" classname="com.storeops.activities.ActivityControllerTest" time="0.015"/>
  <testcase name="getActivity_notFound_returns404" classname="com.storeops.activities.ActivityControllerTest" time="0.03"/>
  <testcase name="createActivity_returns201" classname="com.storeops.activities.ActivityControllerTest" time="0.07"/>
  <testcase name="getAllActivities_returns200" classname="com.storeops.activities.ActivityControllerTest" time="0.025"/>
</testsuite>